<?xml version="1.0" encoding="UTF-8"?>
<testsuite xmlns:xsi="http://www.w3.org/2001/XMLSchema-instance" xsi:noNamespaceSchemaLocation="https://maven.apache.org/surefire/maven-surefire-plugin/xsd/surefire-test-report-3.0.xsd" version="3.0" name="runner.TestRunner" time="0.75" tests="1" errors="0" skipped="0" failures="0">
  <properties>
[...]
</properties>
  <testcase name="Successful login" classname="Login Functionality" time="0.079">
    <system-out><![CDATA[
Scenario: Successful login             # src/test/resources/features/login.feature:3
User is on login page
  Given user is on login page          # stepdefinitions.LoginSteps.user_is_on_login_page()
User enters valid credentials
  When user enters valid credentials   # stepdefinitions.LoginSteps.user_enters_valid_credentials()
User is redirected to dashboard
  Then user is redirected to dashboard # stepdefinitions.LoginSteps.user_is_redirected_to_dashboard()
]]></system-out>
  </testcase>
</testsuite>